1
Manuf.  |  Kingston
Model   |  K4
Name    |  Kingston K4
Cap.    |  312
Count   |  312
SpeedUSB|  100

2
Manuf.  |  Samsung
Model   |  S12
Name    |  Samsung S12
Cap.    |  78
Count   |  78
SpeedUSB|  150

3
Manuf.  |  Motorola
Model   |  m1980
Name    |  Motorola m1980
Cap.    |  3
Count   |  3
SpeedUSB|  40

4
Manuf.  |  LG
Model   |  F15
Name    |  LG F15
Cap.    |  426
Count   |  426
SpeedUSB|  100

5
Manuf.  |  Toshiba
Model   |  T50
Name    |  Tishiba T50
Cap.    |  15
Count   |  15
SpeedUSB|  110

6
Manuf.  |  Kingston
Model   |  H200
Name    |  Kingston H200
Cap.    |  118
Count   |  118
SpeedUSB|  150

7
Manuf.  |  Asus
Model   |  A89
Name    |  Asus A89
Cap.    |  315
Count   |  315
SpeedUSB|  150

8
Manuf.  |  Nokia
Model   |  Save4
Name    |  Nokia Save4
Cap.    |  14
Count   |  14
SpeedUSB|  30

9
Manuf.  |  Sony
Model   |  S128
Name    |  Sony S128
Cap.    |  712
Count   |  712
SpeedUSB|  100

10
Manuf.  |  HP
Model   |  HS7
Name    |  HP HS7
Cap.    |  14
Count   |  14
SpeedUSB|  130

